2020-06-18T18:59:21+00:00 CRITICAL Uncaught ArgumentCountError: Too few arguments to function wpdb::query(), 0 passed in /var/www/html/woocommerce/wp-content/plugins/PluginCommentaire/commentaire.php on line 23 and exactly 1 expected in /var/www/html/woocommerce/wp-includes/wp-db.php:1872
Stack trace:
#0 /var/www/html/woocommerce/wp-content/plugins/PluginCommentaire/commentaire.php(23): wpdb->query()
#1 /var/www/html/woocommerce/wp-includes/class-wp-hook.php(287): Actif(false)
#2 /var/www/html/woocommerce/wp-includes/class-wp-hook.php(311): WP_Hook->apply_filters('', Array)
#3 /var/www/html/woocommerce/wp-includes/plugin.php(478): WP_Hook->do_action(Array)
#4 /var/www/html/woocommerce/wp-admin/includes/plugin.php(690): do_action('activate_Plugin...', false)
#5 /var/www/html/woocommerce/wp-admin/plugins.php(44): activate_plugin('PluginCommentai...', 'http://localhos...', false)
#6 {main}
  thrown dans /var/www/html/woocommerce/wp-includes/wp-db.php à la ligne 1872

2020-06-18T18:59:22+00:00 CRITICAL Uncaught ArgumentCountError: Too few arguments to function wpdb::query(), 0 passed in /var/www/html/woocommerce/wp-content/plugins/PluginCommentaire/commentaire.php on line 23 and exactly 1 expected in /var/www/html/woocommerce/wp-includes/wp-db.php:1872
Stack trace:
#0 /var/www/html/woocommerce/wp-content/plugins/PluginCommentaire/commentaire.php(23): wpdb->query()
#1 /var/www/html/woocommerce/wp-includes/class-wp-hook.php(287): Actif('')
#2 /var/www/html/woocommerce/wp-includes/class-wp-hook.php(311): WP_Hook->apply_filters('', Array)
#3 /var/www/html/woocommerce/wp-includes/plugin.php(478): WP_Hook->do_action(Array)
#4 /var/www/html/woocommerce/wp-admin/plugins.php(179): do_action('activate_Plugin...')
#5 {main}
  thrown dans /var/www/html/woocommerce/wp-includes/wp-db.php à la ligne 1872

2020-06-18T18:59:22+00:00 CRITICAL Uncaught ArgumentCountError: Too few arguments to function wpdb::query(), 0 passed in /var/www/html/woocommerce/wp-content/plugins/PluginCommentaire/commentaire.php on line 23 and exactly 1 expected in /var/www/html/woocommerce/wp-includes/wp-db.php:1872
Stack trace:
#0 /var/www/html/woocommerce/wp-content/plugins/PluginCommentaire/commentaire.php(23): wpdb->query()
#1 /var/www/html/woocommerce/wp-includes/class-wp-hook.php(287): Actif('')
#2 /var/www/html/woocommerce/wp-includes/class-wp-hook.php(311): WP_Hook->apply_filters('', Array)
#3 /var/www/html/woocommerce/wp-includes/plugin.php(478): WP_Hook->do_action(Array)
#4 /var/www/html/woocommerce/wp-admin/plugins.php(179): do_action('activate_Plugin...')
#5 {main}
  thrown dans /var/www/html/woocommerce/wp-includes/wp-db.php à la ligne 1872

2020-06-18T19:01:59+00:00 CRITICAL Uncaught ArgumentCountError: Too few arguments to function wpdb::query(), 0 passed in /var/www/html/woocommerce/wp-content/plugins/PluginCommentaire/commentaire.php on line 22 and exactly 1 expected in /var/www/html/woocommerce/wp-includes/wp-db.php:1872
Stack trace:
#0 /var/www/html/woocommerce/wp-content/plugins/PluginCommentaire/commentaire.php(22): wpdb->query()
#1 /var/www/html/woocommerce/wp-includes/class-wp-hook.php(287): Actif(false)
#2 /var/www/html/woocommerce/wp-includes/class-wp-hook.php(311): WP_Hook->apply_filters('', Array)
#3 /var/www/html/woocommerce/wp-includes/plugin.php(478): WP_Hook->do_action(Array)
#4 /var/www/html/woocommerce/wp-admin/includes/plugin.php(690): do_action('activate_Plugin...', false)
#5 /var/www/html/woocommerce/wp-admin/plugins.php(44): activate_plugin('PluginCommentai...', 'http://localhos...', false)
#6 {main}
  thrown dans /var/www/html/woocommerce/wp-includes/wp-db.php à la ligne 1872

2020-06-18T19:02:00+00:00 CRITICAL Uncaught ArgumentCountError: Too few arguments to function wpdb::query(), 0 passed in /var/www/html/woocommerce/wp-content/plugins/PluginCommentaire/commentaire.php on line 22 and exactly 1 expected in /var/www/html/woocommerce/wp-includes/wp-db.php:1872
Stack trace:
#0 /var/www/html/woocommerce/wp-content/plugins/PluginCommentaire/commentaire.php(22): wpdb->query()
#1 /var/www/html/woocommerce/wp-includes/class-wp-hook.php(287): Actif('')
#2 /var/www/html/woocommerce/wp-includes/class-wp-hook.php(311): WP_Hook->apply_filters('', Array)
#3 /var/www/html/woocommerce/wp-includes/plugin.php(478): WP_Hook->do_action(Array)
#4 /var/www/html/woocommerce/wp-admin/plugins.php(179): do_action('activate_Plugin...')
#5 {main}
  thrown dans /var/www/html/woocommerce/wp-includes/wp-db.php à la ligne 1872

2020-06-18T19:02:00+00:00 CRITICAL Uncaught ArgumentCountError: Too few arguments to function wpdb::query(), 0 passed in /var/www/html/woocommerce/wp-content/plugins/PluginCommentaire/commentaire.php on line 22 and exactly 1 expected in /var/www/html/woocommerce/wp-includes/wp-db.php:1872
Stack trace:
#0 /var/www/html/woocommerce/wp-content/plugins/PluginCommentaire/commentaire.php(22): wpdb->query()
#1 /var/www/html/woocommerce/wp-includes/class-wp-hook.php(287): Actif('')
#2 /var/www/html/woocommerce/wp-includes/class-wp-hook.php(311): WP_Hook->apply_filters('', Array)
#3 /var/www/html/woocommerce/wp-includes/plugin.php(478): WP_Hook->do_action(Array)
#4 /var/www/html/woocommerce/wp-admin/plugins.php(179): do_action('activate_Plugin...')
#5 {main}
  thrown dans /var/www/html/woocommerce/wp-includes/wp-db.php à la ligne 1872

2020-06-18T19:02:12+00:00 CRITICAL Uncaught ArgumentCountError: Too few arguments to function wpdb::query(), 0 passed in /var/www/html/woocommerce/wp-content/plugins/PluginCommentaire/commentaire.php on line 22 and exactly 1 expected in /var/www/html/woocommerce/wp-includes/wp-db.php:1872
Stack trace:
#0 /var/www/html/woocommerce/wp-content/plugins/PluginCommentaire/commentaire.php(22): wpdb->query()
#1 /var/www/html/woocommerce/wp-includes/class-wp-hook.php(287): Actif(false)
#2 /var/www/html/woocommerce/wp-includes/class-wp-hook.php(311): WP_Hook->apply_filters('', Array)
#3 /var/www/html/woocommerce/wp-includes/plugin.php(478): WP_Hook->do_action(Array)
#4 /var/www/html/woocommerce/wp-admin/includes/plugin.php(690): do_action('activate_Plugin...', false)
#5 /var/www/html/woocommerce/wp-admin/plugins.php(44): activate_plugin('PluginCommentai...', 'http://localhos...', false)
#6 {main}
  thrown dans /var/www/html/woocommerce/wp-includes/wp-db.php à la ligne 1872

2020-06-18T19:02:14+00:00 CRITICAL Uncaught ArgumentCountError: Too few arguments to function wpdb::query(), 0 passed in /var/www/html/woocommerce/wp-content/plugins/PluginCommentaire/commentaire.php on line 22 and exactly 1 expected in /var/www/html/woocommerce/wp-includes/wp-db.php:1872
Stack trace:
#0 /var/www/html/woocommerce/wp-content/plugins/PluginCommentaire/commentaire.php(22): wpdb->query()
#1 /var/www/html/woocommerce/wp-includes/class-wp-hook.php(287): Actif('')
#2 /var/www/html/woocommerce/wp-includes/class-wp-hook.php(311): WP_Hook->apply_filters('', Array)
#3 /var/www/html/woocommerce/wp-includes/plugin.php(478): WP_Hook->do_action(Array)
#4 /var/www/html/woocommerce/wp-admin/plugins.php(179): do_action('activate_Plugin...')
#5 {main}
  thrown dans /var/www/html/woocommerce/wp-includes/wp-db.php à la ligne 1872

2020-06-18T19:02:14+00:00 CRITICAL Uncaught ArgumentCountError: Too few arguments to function wpdb::query(), 0 passed in /var/www/html/woocommerce/wp-content/plugins/PluginCommentaire/commentaire.php on line 22 and exactly 1 expected in /var/www/html/woocommerce/wp-includes/wp-db.php:1872
Stack trace:
#0 /var/www/html/woocommerce/wp-content/plugins/PluginCommentaire/commentaire.php(22): wpdb->query()
#1 /var/www/html/woocommerce/wp-includes/class-wp-hook.php(287): Actif('')
#2 /var/www/html/woocommerce/wp-includes/class-wp-hook.php(311): WP_Hook->apply_filters('', Array)
#3 /var/www/html/woocommerce/wp-includes/plugin.php(478): WP_Hook->do_action(Array)
#4 /var/www/html/woocommerce/wp-admin/plugins.php(179): do_action('activate_Plugin...')
#5 {main}
  thrown dans /var/www/html/woocommerce/wp-includes/wp-db.php à la ligne 1872

2020-06-18T19:05:59+00:00 CRITICAL Uncaught ArgumentCountError: Too few arguments to function wpdb::query(), 0 passed in /var/www/html/woocommerce/wp-content/plugins/PluginCommentaire/commentaire.php on line 21 and exactly 1 expected in /var/www/html/woocommerce/wp-includes/wp-db.php:1872
Stack trace:
#0 /var/www/html/woocommerce/wp-content/plugins/PluginCommentaire/commentaire.php(21): wpdb->query()
#1 /var/www/html/woocommerce/wp-includes/class-wp-hook.php(287): Actif(false)
#2 /var/www/html/woocommerce/wp-includes/class-wp-hook.php(311): WP_Hook->apply_filters('', Array)
#3 /var/www/html/woocommerce/wp-includes/plugin.php(478): WP_Hook->do_action(Array)
#4 /var/www/html/woocommerce/wp-admin/includes/plugin.php(690): do_action('activate_Plugin...', false)
#5 /var/www/html/woocommerce/wp-admin/plugins.php(44): activate_plugin('PluginCommentai...', 'http://localhos...', false)
#6 {main}
  thrown dans /var/www/html/woocommerce/wp-includes/wp-db.php à la ligne 1872

2020-06-18T19:06:00+00:00 CRITICAL Uncaught ArgumentCountError: Too few arguments to function wpdb::query(), 0 passed in /var/www/html/woocommerce/wp-content/plugins/PluginCommentaire/commentaire.php on line 21 and exactly 1 expected in /var/www/html/woocommerce/wp-includes/wp-db.php:1872
Stack trace:
#0 /var/www/html/woocommerce/wp-content/plugins/PluginCommentaire/commentaire.php(21): wpdb->query()
#1 /var/www/html/woocommerce/wp-includes/class-wp-hook.php(287): Actif('')
#2 /var/www/html/woocommerce/wp-includes/class-wp-hook.php(311): WP_Hook->apply_filters('', Array)
#3 /var/www/html/woocommerce/wp-includes/plugin.php(478): WP_Hook->do_action(Array)
#4 /var/www/html/woocommerce/wp-admin/plugins.php(179): do_action('activate_Plugin...')
#5 {main}
  thrown dans /var/www/html/woocommerce/wp-includes/wp-db.php à la ligne 1872

2020-06-18T19:06:00+00:00 CRITICAL Uncaught ArgumentCountError: Too few arguments to function wpdb::query(), 0 passed in /var/www/html/woocommerce/wp-content/plugins/PluginCommentaire/commentaire.php on line 21 and exactly 1 expected in /var/www/html/woocommerce/wp-includes/wp-db.php:1872
Stack trace:
#0 /var/www/html/woocommerce/wp-content/plugins/PluginCommentaire/commentaire.php(21): wpdb->query()
#1 /var/www/html/woocommerce/wp-includes/class-wp-hook.php(287): Actif('')
#2 /var/www/html/woocommerce/wp-includes/class-wp-hook.php(311): WP_Hook->apply_filters('', Array)
#3 /var/www/html/woocommerce/wp-includes/plugin.php(478): WP_Hook->do_action(Array)
#4 /var/www/html/woocommerce/wp-admin/plugins.php(179): do_action('activate_Plugin...')
#5 {main}
  thrown dans /var/www/html/woocommerce/wp-includes/wp-db.php à la ligne 1872

2020-06-18T19:06:10+00:00 CRITICAL Uncaught ArgumentCountError: Too few arguments to function wpdb::query(), 0 passed in /var/www/html/woocommerce/wp-content/plugins/PluginCommentaire/commentaire.php on line 21 and exactly 1 expected in /var/www/html/woocommerce/wp-includes/wp-db.php:1872
Stack trace:
#0 /var/www/html/woocommerce/wp-content/plugins/PluginCommentaire/commentaire.php(21): wpdb->query()
#1 /var/www/html/woocommerce/wp-includes/class-wp-hook.php(287): Actif(false)
#2 /var/www/html/woocommerce/wp-includes/class-wp-hook.php(311): WP_Hook->apply_filters('', Array)
#3 /var/www/html/woocommerce/wp-includes/plugin.php(478): WP_Hook->do_action(Array)
#4 /var/www/html/woocommerce/wp-admin/includes/plugin.php(690): do_action('activate_Plugin...', false)
#5 /var/www/html/woocommerce/wp-admin/plugins.php(44): activate_plugin('PluginCommentai...', 'http://localhos...', false)
#6 {main}
  thrown dans /var/www/html/woocommerce/wp-includes/wp-db.php à la ligne 1872

2020-06-18T19:06:12+00:00 CRITICAL Uncaught ArgumentCountError: Too few arguments to function wpdb::query(), 0 passed in /var/www/html/woocommerce/wp-content/plugins/PluginCommentaire/commentaire.php on line 21 and exactly 1 expected in /var/www/html/woocommerce/wp-includes/wp-db.php:1872
Stack trace:
#0 /var/www/html/woocommerce/wp-content/plugins/PluginCommentaire/commentaire.php(21): wpdb->query()
#1 /var/www/html/woocommerce/wp-includes/class-wp-hook.php(287): Actif('')
#2 /var/www/html/woocommerce/wp-includes/class-wp-hook.php(311): WP_Hook->apply_filters('', Array)
#3 /var/www/html/woocommerce/wp-includes/plugin.php(478): WP_Hook->do_action(Array)
#4 /var/www/html/woocommerce/wp-admin/plugins.php(179): do_action('activate_Plugin...')
#5 {main}
  thrown dans /var/www/html/woocommerce/wp-includes/wp-db.php à la ligne 1872

2020-06-18T19:06:12+00:00 CRITICAL Uncaught ArgumentCountError: Too few arguments to function wpdb::query(), 0 passed in /var/www/html/woocommerce/wp-content/plugins/PluginCommentaire/commentaire.php on line 21 and exactly 1 expected in /var/www/html/woocommerce/wp-includes/wp-db.php:1872
Stack trace:
#0 /var/www/html/woocommerce/wp-content/plugins/PluginCommentaire/commentaire.php(21): wpdb->query()
#1 /var/www/html/woocommerce/wp-includes/class-wp-hook.php(287): Actif('')
#2 /var/www/html/woocommerce/wp-includes/class-wp-hook.php(311): WP_Hook->apply_filters('', Array)
#3 /var/www/html/woocommerce/wp-includes/plugin.php(478): WP_Hook->do_action(Array)
#4 /var/www/html/woocommerce/wp-admin/plugins.php(179): do_action('activate_Plugin...')
#5 {main}
  thrown dans /var/www/html/woocommerce/wp-includes/wp-db.php à la ligne 1872

2020-06-18T19:07:25+00:00 CRITICAL Uncaught ArgumentCountError: Too few arguments to function wpdb::query(), 0 passed in /var/www/html/woocommerce/wp-content/plugins/PluginCommentaire/commentaire.php on line 21 and exactly 1 expected in /var/www/html/woocommerce/wp-includes/wp-db.php:1872
Stack trace:
#0 /var/www/html/woocommerce/wp-content/plugins/PluginCommentaire/commentaire.php(21): wpdb->query()
#1 /var/www/html/woocommerce/wp-includes/class-wp-hook.php(287): Actif(false)
#2 /var/www/html/woocommerce/wp-includes/class-wp-hook.php(311): WP_Hook->apply_filters('', Array)
#3 /var/www/html/woocommerce/wp-includes/plugin.php(478): WP_Hook->do_action(Array)
#4 /var/www/html/woocommerce/wp-admin/includes/plugin.php(690): do_action('activate_Plugin...', false)
#5 /var/www/html/woocommerce/wp-admin/plugins.php(44): activate_plugin('PluginCommentai...', 'http://localhos...', false)
#6 {main}
  thrown dans /var/www/html/woocommerce/wp-includes/wp-db.php à la ligne 1872

2020-06-18T19:07:26+00:00 CRITICAL Uncaught ArgumentCountError: Too few arguments to function wpdb::query(), 0 passed in /var/www/html/woocommerce/wp-content/plugins/PluginCommentaire/commentaire.php on line 21 and exactly 1 expected in /var/www/html/woocommerce/wp-includes/wp-db.php:1872
Stack trace:
#0 /var/www/html/woocommerce/wp-content/plugins/PluginCommentaire/commentaire.php(21): wpdb->query()
#1 /var/www/html/woocommerce/wp-includes/class-wp-hook.php(287): Actif('')
#2 /var/www/html/woocommerce/wp-includes/class-wp-hook.php(311): WP_Hook->apply_filters('', Array)
#3 /var/www/html/woocommerce/wp-includes/plugin.php(478): WP_Hook->do_action(Array)
#4 /var/www/html/woocommerce/wp-admin/plugins.php(179): do_action('activate_Plugin...')
#5 {main}
  thrown dans /var/www/html/woocommerce/wp-includes/wp-db.php à la ligne 1872

2020-06-18T19:07:26+00:00 CRITICAL Uncaught ArgumentCountError: Too few arguments to function wpdb::query(), 0 passed in /var/www/html/woocommerce/wp-content/plugins/PluginCommentaire/commentaire.php on line 21 and exactly 1 expected in /var/www/html/woocommerce/wp-includes/wp-db.php:1872
Stack trace:
#0 /var/www/html/woocommerce/wp-content/plugins/PluginCommentaire/commentaire.php(21): wpdb->query()
#1 /var/www/html/woocommerce/wp-includes/class-wp-hook.php(287): Actif('')
#2 /var/www/html/woocommerce/wp-includes/class-wp-hook.php(311): WP_Hook->apply_filters('', Array)
#3 /var/www/html/woocommerce/wp-includes/plugin.php(478): WP_Hook->do_action(Array)
#4 /var/www/html/woocommerce/wp-admin/plugins.php(179): do_action('activate_Plugin...')
#5 {main}
  thrown dans /var/www/html/woocommerce/wp-includes/wp-db.php à la ligne 1872

2020-06-18T20:10:44+00:00 CRITICAL Uncaught Error: Cannot use object of type stdClass as array in /var/www/html/woocommerce/wp-content/plugins/PluginCommentaire/admin/contenu.php:25
Stack trace:
#0 /var/www/html/woocommerce/wp-admin/admin.php(286): include()
#1 {main}
  thrown dans /var/www/html/woocommerce/wp-content/plugins/PluginCommentaire/admin/contenu.php à la ligne 25

